<?xml version="1.0" encoding="UTF-8"?>
<testng-results ignored="0" total="3" passed="3" failed="0" skipped="0">
  <reporter-output>
    <line>
      <![CDATA[Browser is opened]]>
    </line>
    <line>
      <![CDATA[logged into application]]>
    </line>
    <line>
      <![CDATA[Title is matched]]>
    </line>
    <line>
      <![CDATA[logged out from application]]>
    </line>
    <line>
      <![CDATA[Browser is closed]]>
    </line>
  </reporter-output>
  <suite started-at="2024-03-21T20:54:52 IST" name="Default suite" finished-at="2024-03-21T20:55:10 IST" duration-ms="17401">
    <groups>
    </groups>
    <test started-at="2024-03-21T20:54:52 IST" name="Default test" finished-at="2024-03-21T20:55:10 IST" duration-ms="17401">
      <class name="testcases.LoginTest">
        <test-method is-config="true" signature="openBrowser()[pri:0, instance:testcases.LoginTest@783a467b]" started-at="2024-03-21T20:54:52 IST" name="openBrowser" finished-at="2024-03-21T20:55:01 IST" duration-ms="8610" status="PASS">
          <reporter-output>
            <line>
              <![CDATA[Browser is opened]]>
            </line>
          </reporter-output>
        </test-method> <!-- openBrowser -->
        <test-method signature="login()[pri:1, instance:testcases.LoginTest@783a467b]" started-at="2024-03-21T20:55:01 IST" name="login" finished-at="2024-03-21T20:55:09 IST" duration-ms="7777" status="PASS">
          <reporter-output>
            <line>
              <![CDATA[logged into application]]>
            </line>
          </reporter-output>
        </test-method> <!-- login -->
        <test-method signature="verifyTitle()[pri:2, instance:testcases.LoginTest@783a467b]" started-at="2024-03-21T20:55:09 IST" name="verifyTitle" finished-at="2024-03-21T20:55:09 IST" duration-ms="11" status="PASS">
          <reporter-output>
            <line>
              <![CDATA[Title is matched]]>
            </line>
          </reporter-output>
        </test-method> <!-- verifyTitle -->
        <test-method signature="logout()[pri:3, instance:testcases.LoginTest@783a467b]" started-at="2024-03-21T20:55:09 IST" name="logout" finished-at="2024-03-21T20:55:10 IST" duration-ms="700" status="PASS">
          <reporter-output>
            <line>
              <![CDATA[logged out from application]]>
            </line>
          </reporter-output>
        </test-method> <!-- logout -->
        <test-method is-config="true" signature="closeBrowser()[pri:0, instance:testcases.LoginTest@783a467b]" started-at="2024-03-21T20:55:10 IST" name="closeBrowser" finished-at="2024-03-21T20:55:10 IST" duration-ms="267" status="PASS">
          <reporter-output>
            <line>
              <![CDATA[Browser is closed]]>
            </line>
          </reporter-output>
        </test-method> <!-- closeBrowser -->
      </class> <!-- testcases.LoginTest -->
    </test> <!-- Default test -->
  </suite> <!-- Default suite -->
</testng-results>
