<?xml version="1.0" encoding="UTF-8"?>
<!-- Generated by org.testng.reporters.JUnitXMLReporter -->
<testsuite ignored="0" hostname="PavanS" failures="0" tests="3" name="Default test" time="17.401" errors="0" timestamp="2024-03-21T20:55:10 IST">
  <testcase classname="testcases.LoginTest" name="login" time="7.777"/>
  <testcase classname="testcases.LoginTest" name="verifyTitle" time="0.011"/>
  <testcase classname="testcases.LoginTest" name="logout" time="0.7"/>
</testsuite> <!-- Default test -->
